<?xml version="1.0" encoding="UTF-8"?>
<testng-results skipped="0" failed="0" total="1" passed="1">
  <reporter-output>
  </reporter-output>
  <suite name="Suite" duration-ms="21881" started-at="2023-09-15T04:26:19Z" finished-at="2023-09-15T04:26:41Z">
    <groups>
      <group name="regression">
        <method signature="SampleAssert.login()[pri:0, instance:sample.SampleAssert@dd3b207]" name="login" class="sample.SampleAssert"/>
      </group> <!-- regression -->
    </groups>
    <test name="Test" duration-ms="21881" started-at="2023-09-15T04:26:19Z" finished-at="2023-09-15T04:26:41Z">
      <class name="sample.SampleAssert">
        <test-method status="PASS" signature="openBrowser()[pri:0, instance:sample.SampleAssert@dd3b207]" name="openBrowser" is-config="true" duration-ms="8295" started-at="2023-09-15T00:26:19Z" finished-at="2023-09-15T00:26:28Z">
          <reporter-output>
          </reporter-output>
        </test-method> <!-- openBrowser -->
        <test-method status="PASS" signature="login()[pri:0, instance:sample.SampleAssert@dd3b207]" name="login" duration-ms="13454" started-at="2023-09-15T00:26:28Z" finished-at="2023-09-15T00:26:41Z">
          <reporter-output>
          </reporter-output>
        </test-method> <!-- login -->
      </class> <!-- sample.SampleAssert -->
    </test> <!-- Test -->
  </suite> <!-- Suite -->
</testng-results>
